
Nov 24, 2016 19:36:02.36 NEW SESSION
Nov 24, 2016 19:36:02.36 [1124/193602:ERROR:main_dll_loader_win.cc(196)] Could not find exported function RelaunchChromeBrowserWithNewCommandLineIfNeeded
Nov 24, 2016 20:29:18.75 Vector smash protection is enabled.
Nov 24, 2016 20:30:14.54 [1124/203014:ERROR:main_dll_loader_win.cc(196)] Could not find exported function RelaunchChromeBrowserWithNewCommandLineIfNeeded
Nov 24, 2016 20:30:14.54 [WARNING:..\..\..\..\flash\platform\pepper\pep_module.cpp(63)] SANDBOXED
Nov 24, 2016 20:30:42.24 Vector smash protection is enabled.
Nov 24, 2016 20:31:12.27 [1124/203112:ERROR:main_dll_loader_win.cc(196)] Could not find exported function RelaunchChromeBrowserWithNewCommandLineIfNeeded
Nov 24, 2016 20:31:12.27 [WARNING:..\..\..\..\flash\platform\pepper\pep_module.cpp(63)] SANDBOXED
Nov 24, 2016 21:09:06.83 Vector smash protection is enabled.
Nov 24, 2016 21:12:54.75 [1124/211254:ERROR:main_dll_loader_win.cc(196)] Could not find exported function RelaunchChromeBrowserWithNewCommandLineIfNeeded
Nov 24, 2016 21:12:54.75 [WARNING:..\..\..\..\flash\platform\pepper\pep_module.cpp(63)] SANDBOXED
Nov 24, 2016 21:20:01.60 Vector smash protection is enabled.
Nov 24, 2016 21:21:37.80 [1124/212137:ERROR:main_dll_loader_win.cc(196)] Could not find exported function RelaunchChromeBrowserWithNewCommandLineIfNeeded
Nov 24, 2016 21:21:37.80 [WARNING:..\..\..\..\flash\platform\pepper\pep_module.cpp(63)] SANDBOXED
Nov 24, 2016 21:21:41.13 Vector smash protection is enabled.
Nov 24, 2016 21:24:44.72 [1124/212444:ERROR:main_dll_loader_win.cc(196)] Could not find exported function RelaunchChromeBrowserWithNewCommandLineIfNeeded
Nov 24, 2016 21:29:53.87 [1124/212953:ERROR:main_dll_loader_win.cc(196)] Could not find exported function RelaunchChromeBrowserWithNewCommandLineIfNeeded
Nov 24, 2016 21:29:53.87 [WARNING:..\..\..\..\flash\platform\pepper\pep_module.cpp(63)] SANDBOXED
Nov 24, 2016 21:30:04.89 Vector smash protection is enabled.
Nov 24, 2016 21:35:26.96 [1124/213526:ERROR:main_dll_loader_win.cc(196)] Could not find exported function RelaunchChromeBrowserWithNewCommandLineIfNeeded
Nov 24, 2016 21:35:26.96 [WARNING:..\..\..\..\flash\platform\pepper\pep_module.cpp(63)] SANDBOXED
Nov 24, 2016 21:35:30.32 Vector smash protection is enabled.
Nov 24, 2016 21:37:09.74 [1124/213709:ERROR:main_dll_loader_win.cc(196)] Could not find exported function RelaunchChromeBrowserWithNewCommandLineIfNeeded
Nov 24, 2016 21:47:28.72 [1124/214728:ERROR:main_dll_loader_win.cc(196)] Could not find exported function RelaunchChromeBrowserWithNewCommandLineIfNeeded
Nov 24, 2016 21:47:28.72 [WARNING:..\..\..\..\flash\platform\pepper\pep_module.cpp(63)] SANDBOXED
Nov 24, 2016 22:18:03.85 [1124/221803:ERROR:main_dll_loader_win.cc(196)] Could not find exported function RelaunchChromeBrowserWithNewCommandLineIfNeeded
Nov 24, 2016 22:23:10.96 [1124/222310:ERROR:main_dll_loader_win.cc(196)] Could not find exported function RelaunchChromeBrowserWithNewCommandLineIfNeeded
Nov 24, 2016 22:39:50.20 Vector smash protection is enabled.
Nov 24, 2016 22:43:02.11 [1124/224302:ERROR:main_dll_loader_win.cc(196)] Could not find exported function RelaunchChromeBrowserWithNewCommandLineIfNeeded
Nov 24, 2016 22:43:02.11 [WARNING:..\..\..\..\flash\platform\pepper\pep_module.cpp(63)] SANDBOXED
Nov 24, 2016 23:41:06.30 A Parser-blocking, cross-origin script, http://cdn.tt.omtrdc.net/cdn/target.js, is invoked via document.write. This may be blocked by the browser if the device has poor network connectivity.
Nov 24, 2016 23:41:06.30 A Parser-blocking, cross-origin script, http://cdn.tt.omtrdc.net/cdn/target.js, is invoked via document.write. This may be blocked by the browser if the device has poor network connectivity.
Nov 24, 2016 23:41:06.30 A Parser-blocking, cross-origin script, http://starwoodhotelsandres.tt.omtrdc.net/m2/starwoodhotelsandres/mbox/standard?mboxHost=www.starwoodhotels.com&mboxPage=1480011065141-491537&screenHeight=900&screenWidth=1600&browserWidth=1600&browserHeight=770&browserTimeOffset=330&colorDepth=24&mboxSession=1480011065141-491537&mboxXDomain=enabled&mboxCount=1&mboxTime=1480030865663&localeCode=en_US&auth=0&mbox=target-global-mbox&mboxId=0&mboxURL=http%3A%2F%2Fwww.starwoodhotels.com%2Fpreferredguest%2Findex.html%3Flanguage%3Den_US&mboxReferrer=https%3A%2F%2Fwww.google.co.in%2F&mboxVersion=59, is invoked via document.write. This may be blocked by the browser if the device has poor network connectivity.
Nov 24, 2016 23:41:06.30 A Parser-blocking, cross-origin script, http://starwoodhotelsandres.tt.omtrdc.net/m2/starwoodhotelsandres/mbox/standard?mboxHost=www.starwoodhotels.com&mboxPage=1480011065141-491537&screenHeight=900&screenWidth=1600&browserWidth=1600&browserHeight=770&browserTimeOffset=330&colorDepth=24&mboxSession=1480011065141-491537&mboxXDomain=enabled&mboxCount=1&mboxTime=1480030865663&localeCode=en_US&auth=0&mbox=target-global-mbox&mboxId=0&mboxURL=http%3A%2F%2Fwww.starwoodhotels.com%2Fpreferredguest%2Findex.html%3Flanguage%3Den_US&mboxReferrer=https%3A%2F%2Fwww.google.co.in%2F&mboxVersion=59, is invoked via document.write. This may be blocked by the browser if the device has poor network connectivity.
Nov 24, 2016 23:41:06.30 A Parser-blocking, cross-origin script, http://starwoodhotelsandres.tt.omtrdc.net/m2/starwoodhotelsandres/mbox/standard?mboxHost=www.starwoodhotels.com&mboxPage=1480011065141-491537&screenHeight=900&screenWidth=1600&browserWidth=1600&browserHeight=770&browserTimeOffset=330&colorDepth=24&mboxSession=1480011065141-491537&mboxXDomain=enabled&mboxCount=2&mboxTime=1480030866283&localeCode=en_US&auth=0&mbox=mvp&mboxId=0&mboxURL=http%3A%2F%2Fwww.starwoodhotels.com%2Fpreferredguest%2Findex.html%3Flanguage%3Den_US&mboxReferrer=https%3A%2F%2Fwww.google.co.in%2F&mboxVersion=59, is invoked via document.write. This may be blocked by the browser if the device has poor network connectivity.
Nov 24, 2016 23:41:06.30 A Parser-blocking, cross-origin script, http://starwoodhotelsandres.tt.omtrdc.net/m2/starwoodhotelsandres/mbox/standard?mboxHost=www.starwoodhotels.com&mboxPage=1480011065141-491537&screenHeight=900&screenWidth=1600&browserWidth=1600&browserHeight=770&browserTimeOffset=330&colorDepth=24&mboxSession=1480011065141-491537&mboxXDomain=enabled&mboxCount=2&mboxTime=1480030866283&localeCode=en_US&auth=0&mbox=mvp&mboxId=0&mboxURL=http%3A%2F%2Fwww.starwoodhotels.com%2Fpreferredguest%2Findex.html%3Flanguage%3Den_US&mboxReferrer=https%3A%2F%2Fwww.google.co.in%2F&mboxVersion=59, is invoked via document.write. This may be blocked by the browser if the device has poor network connectivity.
Nov 24, 2016 23:41:06.30 A Parser-blocking, cross-origin script, http://starwoodhotelsandres.tt.omtrdc.net/m2/starwoodhotelsandres/mbox/standard?mboxHost=www.starwoodhotels.com&mboxPage=1480011065141-491537&screenHeight=900&screenWidth=1600&browserWidth=1600&browserHeight=770&browserTimeOffset=330&colorDepth=24&mboxSession=1480011065141-491537&mboxXDomain=enabled&mboxCount=3&mboxTime=1480030866298&localeCode=en_US&mbox=spg_homepage_top&mboxId=0&mboxURL=http%3A%2F%2Fwww.starwoodhotels.com%2Fpreferredguest%2Findex.html%3Flanguage%3Den_US&mboxReferrer=https%3A%2F%2Fwww.google.co.in%2F&mboxVersion=59, is invoked via document.write. This may be blocked by the browser if the device has poor network connectivity.
Nov 24, 2016 23:41:06.55 A Parser-blocking, cross-origin script, http://starwoodhotelsandres.tt.omtrdc.net/m2/starwoodhotelsandres/mbox/standard?mboxHost=www.starwoodhotels.com&mboxPage=1480011065141-491537&screenHeight=900&screenWidth=1600&browserWidth=1600&browserHeight=770&browserTimeOffset=330&colorDepth=24&mboxSession=1480011065141-491537&mboxXDomain=enabled&mboxCount=3&mboxTime=1480030866298&localeCode=en_US&mbox=spg_homepage_top&mboxId=0&mboxURL=http%3A%2F%2Fwww.starwoodhotels.com%2Fpreferredguest%2Findex.html%3Flanguage%3Den_US&mboxReferrer=https%3A%2F%2Fwww.google.co.in%2F&mboxVersion=59, is invoked via document.write. This may be blocked by the browser if the device has poor network connectivity.
Nov 24, 2016 23:41:06.55 A Parser-blocking, cross-origin script, https://cdn.atlassbx.com/FB/11122200772940/browser_features1469469235.js, is invoked via document.write. This may be blocked by the browser if the device has poor network connectivity.
Nov 24, 2016 23:41:06.55 A Parser-blocking, cross-origin script, https://cdn.atlassbx.com/FB/11122200772940/browser_features1469469235.js, is invoked via document.write. This may be blocked by the browser if the device has poor network connectivity.
Nov 24, 2016 23:41:06.56 A Parser-blocking, cross-origin script, https://cdn.atlassbx.com/FB/11122200773193/atlas_tots1475001046.js, is invoked via document.write. This may be blocked by the browser if the device has poor network connectivity.
Nov 24, 2016 23:41:06.56 A Parser-blocking, cross-origin script, https://cdn.atlassbx.com/FB/11122200772940/browser_features1469469235.js, is invoked via document.write. This may be blocked by the browser if the device has poor network connectivity.
Nov 24, 2016 23:41:06.56 A Parser-blocking, cross-origin script, https://cdn.atlassbx.com/FB/11122200772940/browser_features1469469235.js, is invoked via document.write. This may be blocked by the browser if the device has poor network connectivity.
Nov 24, 2016 23:41:06.56 A Parser-blocking, cross-origin script, https://cdn.atlassbx.com/FB/11122200773193/atlas_tots1475001046.js, is invoked via document.write. This may be blocked by the browser if the device has poor network connectivity.
Nov 24, 2016 23:41:06.56 A Parser-blocking, cross-origin script, https://cdn.atlassbx.com/FB/11122200772940/browser_features1469469235.js, is invoked via document.write. This may be blocked by the browser if the device has poor network connectivity.
Nov 24, 2016 23:41:06.56 A Parser-blocking, cross-origin script, https://cdn.atlassbx.com/FB/11122200772940/browser_features1469469235.js, is invoked via document.write. This may be blocked by the browser if the device has poor network connectivity.
Nov 24, 2016 23:41:06.56 A Parser-blocking, cross-origin script, https://cdn.atlassbx.com/FB/11122200773193/atlas_tots1475001046.js, is invoked via document.write. This may be blocked by the browser if the device has poor network connectivity.
Nov 24, 2016 23:41:06.56 A Parser-blocking, cross-origin script, https://cdn.atlassbx.com/FB/11122200772940/browser_features1469469235.js, is invoked via document.write. This may be blocked by the browser if the device has poor network connectivity.
Nov 24, 2016 23:41:06.56 A Parser-blocking, cross-origin script, https://cdn.atlassbx.com/FB/11122200772940/browser_features1469469235.js, is invoked via document.write. This may be blocked by the browser if the device has poor network connectivity.
Nov 24, 2016 23:41:06.56 A Parser-blocking, cross-origin script, https://cdn.atlassbx.com/FB/11122200773193/atlas_tots1475001046.js, is invoked via document.write. This may be blocked by the browser if the device has poor network connectivity.
Nov 24, 2016 23:41:06.56 A Parser-blocking, cross-origin script, https://cdn.atlassbx.com/FB/11122200772940/browser_features1469469235.js, is invoked via document.write. This may be blocked by the browser if the device has poor network connectivity.
Nov 24, 2016 23:41:06.56 A Parser-blocking, cross-origin script, https://cdn.atlassbx.com/FB/11122200772940/browser_features1469469235.js, is invoked via document.write. This may be blocked by the browser if the device has poor network connectivity.
Nov 24, 2016 23:41:06.56 A Parser-blocking, cross-origin script, https://cdn.atlassbx.com/FB/11122200773193/atlas_tots1475001046.js, is invoked via document.write. This may be blocked by the browser if the device has poor network connectivity.
Nov 24, 2016 23:41:06.56 A Parser-blocking, cross-origin script, https://cdn.atlassbx.com/FB/11122200772940/browser_features1469469235.js, is invoked via document.write. This may be blocked by the browser if the device has poor network connectivity.
Nov 24, 2016 23:41:10.83 Vector smash protection is enabled.
Nov 24, 2016 23:41:13.22 A Parser-blocking, cross-origin script, https://cdn.atlassbx.com/FB/11122200772940/brows[4128:12376:1124/234113:ERROR:pnacl_host.cc(440)] TranslationFinished: TranslationID 112,-516775511 not found.
Nov 24, 2016 23:41:13.23 [4128:12376:1124/234113:ERROR:pnacl_host.cc(440)] TranslationFinished: TranslationID 112,-1578443511 not found.
Nov 24, 2016 23:41:13.24 [4128:12376:1124/234113:ERROR:pnacl_host.cc(440)] TranslationFinished: TranslationID 112,-386188483 not found.
Nov 24, 2016 23:41:17.70 er_features1469469235.js, is invoked via document.write. This may be blocked by the browser if the device has poor network connectivity.
Nov 24, 2016 23:41:17.70 A Parser-blocking, cross-origin script, https://cdn.atlassbx.com/FB/11122200773193/atlas_tots1475001046.js, is invoked via document.write. This may be blocked by the browser if the device has poor network connectivity.
Nov 24, 2016 23:41:17.70 A Parser-blocking, cross-origin script, https://cdn.atlassbx.com/FB/11122200772940/browser_features1469469235.js, is invoked via document.write. This may be blocked by the browser if the device has poor network connectivity.
Nov 24, 2016 23:41:17.70 A Parser-blocking, cross-origin script, https://cdn.atlassbx.com/FB/11122200772940/browser_features1469469235.js, is invoked via document.write. This may be blocked by the browser if the device has poor network connectivity.
Nov 24, 2016 23:41:17.70 A Parser-blocking, cross-origin script, https://cdn.atlassbx.com/FB/11122200773193/atlas_tots1475001046.js, is invoked via document.write. This may be blocked by the browser if the device has poor network connectivity.
Nov 24, 2016 23:41:17.71 A Parser-blocking, cross-origin script, https://cdn.atlassbx.com/FB/11122200772940/browser_features1469469235.js, is invoked via document.write. This may be blocked by the browser if the device has poor network connectivity.
Nov 24, 2016 23:41:17.71 A Parser-blocking, cross-origin script, https://cdn.atlassbx.com/FB/11122200772940/browser_features1469469235.js, is invoked via document.write. This may be blocked by the browser if the device has poor network connectivity.
Nov 24, 2016 23:41:17.71 A Parser-blocking, cross-origin script, https://cdn.atlassbx.com/FB/11122200773193/atlas_tots1475001046.js, is invoked via document.write. This may be blocked by the browser if the device has poor network connectivity.
Nov 24, 2016 23:41:17.71 A Parser-blocking, cross-origin script, https://cdn.atlassbx.com/FB/11122200772940/browser_features1469469235.js, is invoked via document.write. This may be blocked by the browser if the device has poor network connectivity.
Nov 24, 2016 23:41:17.71 A Parser-blocking, cross-origin script, https://cdn.atlassbx.com/FB/11122200772940/browser_features1469469235.js, is invoked via document.write. This may be blocked by the browser if the device has poor network connectivity.
Nov 24, 2016 23:41:17.71 A Parser-blocking, cross-origin script, https://cdn.atlassbx.com/FB/11122200773193/atlas_tots1475001046.js, is invoked via document.write. This may be blocked by the browser if the device has poor network connectivity.
Nov 24, 2016 23:41:17.71 A Parser-blocking, cross-origin script, https://cdn.atlassbx.com/FB/11122200772940/browser_features1469469235.js, is invoked via document.write. This may be blocked by the browser if the device has poor network connectivity.
Nov 24, 2016 23:41:17.71 A Parser-blocking, cross-origin script, https://cdn.atlassbx.com/FB/11122200772940/browser_features1469469235.js, is invoked via document.write. This may be blocked by the browser if the device has poor network connectivity.
Nov 24, 2016 23:41:17.71 A Parser-blocking, cross-origin script, https://cdn.atlassbx.com/FB/11122200773193/atlas_tots1475001046.js, is invoked via document.write. This may be blocked by the browser if the device has poor network connectivity.
Nov 24, 2016 23:41:17.72 A Parser-blocking, cross-origin script, https://cdn.atlassbx.com/FB/11122200772940/browser_features1469469235.js, is invoked via document.write. This may be blocked by the browser if the device has poor network connectivity.
Nov 24, 2016 23:41:17.72 A Parser-blocking, cross-origin script, https://cdn.atlassbx.com/FB/11122200772940/browser_features1469469235.js, is invoked via document.write. This may be blocked by the browser if the device has poor network connectivity.
Nov 24, 2016 23:41:17.72 A Parser-blocking, cross-origin script, https://cdn.atlassbx.com/FB/11122200773193/atlas_tots1475001046.js, is invoked via document.write. This may be blocked by the browser if the device has poor network connectivity.
Nov 24, 2016 23:41:17.72 A Parser-blocking, cross-origin script, https://cdn.atlassbx.com/FB/11122200772940/browser_features1469469235.js, is invoked via document.write. This may be blocked by the browser if the device has poor network connectivity.
Nov 24, 2016 23:41:17.99 A Parser-blocking, cross-origin script, https://cdn.atlassbx.com/FB/11122200772940/browser_features1469469235.js, is invoked via document.write. This may be blocked by the browser if the device has poor network connectivity.
Nov 24, 2016 23:41:17.99 A Parser-blocking, cross-origin script, https://cdn.atlassbx.com/FB/11122200773193/atlas_tots1475001046.js, is invoked via document.write. This may be blocked by the browser if the device has poor network connectivity.
Nov 24, 2016 23:41:17.99 A Parser-blocking, cross-origin script, https://cdn.atlassbx.com/FB/11122200772940/browser_features1469469235.js, is invoked via document.write. This may be blocked by the browser if the device has poor network connectivity.
Nov 24, 2016 23:41:17.99 A Parser-blocking, cross-origin script, https://cdn.atlassbx.com/FB/11122200772940/browser_features1469469235.js, is invoked via document.write. This may be blocked by the browser if the device has poor network connectivity.
Nov 24, 2016 23:41:17.99 A Parser-blocking, cross-origin script, https://cdn.atlassbx.com/FB/11122200773193/atlas_tots1475001046.js, is invoked via document.write. This may be blocked by the browser if the device has poor network connectivity.
Nov 24, 2016 23:41:17.99 A Parser-blocking, cross-origin script, https://cdn.atlassbx.com/FB/11122200772940/browser_features1469469235.js, is invoked via document.write. This may be blocked by the browser if the device has poor network connectivity.
Nov 24, 2016 23:41:17.99 A Parser-blocking, cross-origin script, https://cdn.atlassbx.com/FB/11122200772940/browser_features1469469235.js, is invoked via document.write. This may be blocked by the browser if the device has poor network connectivity.
Nov 24, 2016 23:41:17.99 A Parser-blocking, cross-origin script, https://cdn.atlassbx.com/FB/11122200773193/atlas_tots1475001046.js, is invoked via document.write. This may be blocked by the browser if the device has poor network connectivity.
Nov 24, 2016 23:41:17.99 A Parser-blocking, cross-origin script, https://cdn.atlassbx.com/FB/11122200772940/browser_features1469469235.js, is invoked via document.write. This may be blocked by the browser if the device has poor network connectivity.
Nov 24, 2016 23:41:17.99 A Parser-blocking, cross-origin script, https://cdn.atlassbx.com/FB/11122200772940/browser_features1469469235.js, is invoked via document.write. This may be blocked by the browser if the device has poor network connectivity.
Nov 24, 2016 23:41:17.99 A Parser-blocking, cross-origin script, https://cdn.atlassbx.com/FB/11122200773193/atlas_tots1475001046.js, is invoked via document.write. This may be blocked by the browser if the device has poor network connectivity.
Nov 24, 2016 23:41:17.99 A Parser-blocking, cross-origin script, https://cdn.atlassbx.com/FB/11122200772940/browser_features1469469235.js, is invoked via document.write. This may be blocked by the browser if the device has poor network connectivity.
Nov 24, 2016 23:41:17.99 A Parser-blocking, cross-origin script, https://cdn.atlassbx.com/FB/11122200772940/browser_features1469469235.js, is invoked via document.write. This may be blocked by the browser if the device has poor network connectivity.
Nov 24, 2016 23:41:17.99 A Parser-blocking, cross-origin script, https://cdn.atlassbx.com/FB/11122200773193/atlas_tots1475001046.js, is invoked via document.write. This may be blocked by the browser if the device has poor network connectivity.
Nov 24, 2016 23:41:17.99 A Parser-blocking, cross-origin script, https://cdn.atlassbx.com/FB/11122200772940/browser_features1469469235.js, is invoked via document.write. This may be blocked by the browser if the device has poor network connectivity.
Nov 24, 2016 23:41:17.99 A Parser-blocking, cross-origin script, https://cdn.atlassbx.com/FB/11122200772940/browser_features1469469235.js, is invoked via document.write. This may be blocked by the browser if the device has poor network connectivity.
Nov 24, 2016 23:41:17.99 A Parser-blocking, cross-origin script, https://cdn.atlassbx.com/FB/11122200773193/atlas_tots1475001046.js, is invoked via document.write. This may be blocked by the browser if the device has poor network connectivity.
Nov 24, 2016 23:41:17.99 A Parser-blocking, cross-origin script, https://cdn.atlassbx.com/FB/11122200772940/browser_features1469469235.js, is invoked via document.write. This may be blocked by the browser if the device has poor network connectivity.
Nov 24, 2016 23:41:17.99 A Parser-blocking, cross-origin script, https://cdn.atlassbx.com/FB/11122200772940/browser_features1469469235.js, is invoked via document.write. This may be blocked by the browser if the device has poor network connectivity.
Nov 24, 2016 23:41:37.49 A Parser-blocking, cross-or[4128:12376:1124/234137:ERROR:pnacl_host.cc(440)] TranslationFinished: TranslationID 112,-798660287 not found.
Nov 24, 2016 23:41:37.51 [4128:12376:1124/234137:ERROR:pnacl_host.cc(440)] TranslationFinished: TranslationID 112,1968579505 not found.
Nov 24, 2016 23:41:37.53 [4128:12376:1124/234137:ERROR:pnacl_host.cc(440)] TranslationFinished: TranslationID 112,-1829606471 not found.
Nov 24, 2016 23:41:38.52 igin script, https://cdn.atlassbx.com/FB/11122200773193/atlas_tots1475001046.js, is invoked via document.write. This may be blocked by the browser if the device has poor network connectivity.
Nov 24, 2016 23:41:38.52 A Parser-blocking, cross-origin script, https://cdn.atlassbx.com/FB/11122200772940/browser_features1469469235.js, is invoked via document.write. This may be blocked by the browser if the device has poor network connectivity.
Nov 24, 2016 23:41:38.52 A Parser-blocking, cross-origin script, https://cdn.atlassbx.com/FB/11122200772940/browser_features1469469235.js, is invoked via document.write. This may be blocked by the browser if the device has poor network connectivity.
Nov 24, 2016 23:41:38.52 A Parser-blocking, cross-origin script, https://cdn.atlassbx.com/FB/11122200773193/atlas_tots1475001046.js, is invoked via document.write. This may be blocked by the browser if the device has poor network connectivity.
Nov 24, 2016 23:41:38.52 A Parser-blocking, cross-origin script, https://cdn.atlassbx.com/FB/11122200772940/browser_features1469469235.js, is invoked via document.write. This may be blocked by the browser if the device has poor network connectivity.
Nov 24, 2016 23:41:38.52 A Parser-blocking, cross-origin script, https://cdn.atlassbx.com/FB/11122200772940/browser_features1469469235.js, is invoked via document.write. This may be blocked by the browser if the device has poor network connectivity.
Nov 24, 2016 23:41:38.52 A Parser-blocking, cross-origin script, https://cdn.atlassbx.com/FB/11122200773193/atlas_tots1475001046.js, is invoked via document.write. This may be blocked by the browser if the device has poor network connectivity.
Nov 24, 2016 23:41:38.52 A Parser-blocking, cross-origin script, https://cdn.atlassbx.com/FB/11122200772940/browser_features1469469235.js, is invoked via document.write. This may be blocked by the browser if the device has poor network connectivity.
Nov 24, 2016 23:41:38.52 A Parser-blocking, cross-origin script, https://cdn.atlassbx.com/FB/11122200772940/browser_features1469469235.js, is invoked via document.write. This may be blocked by the browser if the device has poor network connectivity.
Nov 24, 2016 23:41:38.52 A Parser-blocking, cross-origin script, https://cdn.atlassbx.com/FB/11122200773193/atlas_tots1475001046.js, is invoked via document.write. This may be blocked by the browser if the device has poor network connectivity.
Nov 24, 2016 23:41:38.52 A Parser-blocking, cross-origin script, https://cdn.atlassbx.com/FB/11122200772940/browser_features1469469235.js, is invoked via document.write. This may be blocked by the browser if the device has poor network connectivity.
Nov 24, 2016 23:41:38.52 A Parser-blocking, cross-origin script, https://cdn.atlassbx.com/FB/11122200772940/browser_features1469469235.js, is invoked via document.write. This may be blocked by the browser if the device has poor network connectivity.
Nov 24, 2016 23:41:38.52 A Parser-blocking, cross-origin script, https://cdn.atlassbx.com/FB/11122200773193/atlas_tots1475001046.js, is invoked via document.write. This may be blocked by the browser if the device has poor network connectivity.
Nov 24, 2016 23:41:38.52 A Parser-blocking, cross-origin script, https://cdn.atlassbx.com/FB/11122200772940/browser_features1469469235.js, is invoked via document.write. This may be blocked by the browser if the device has poor network connectivity.
Nov 24, 2016 23:41:38.52 A Parser-blocking, cross-origin script, https://cdn.atlassbx.com/FB/11122200772940/browser_features1469469235.js, is invoked via document.write. This may be blocked by the browser if the device has poor network connectivity.
Nov 24, 2016 23:41:38.52 A Parser-blocking, cross-origin script, https://cdn.atlassbx.com/FB/11122200773193/atlas_tots1475001046.js, is invoked via document.write. This may be blocked by the browser if the device has poor network connectivity.
Nov 24, 2016 23:41:38.52 A Parser-blocking, cross-origin script, https://cdn.atlassbx.com/FB/11122200772940/browser_features1469469235.js, is invoked via document.write. This may be blocked by the browser if the device has poor network connectivity.
Nov 24, 2016 23:41:38.52 A Parser-blocking, cross-origin script, https://cdn.atlassbx.com/FB/11122200772940/browser_features1469469235.js, is invoked via document.write. This may be blocked by the browser if the device has poor network connectivity.
Nov 24, 2016 23:42:07.49 A Parser-blocking, cross-origin script, https://cdn.atlassbx.com/FB/11122200773193/atlas_tots1475001046.js, i[1124/234207:ERROR:main_dll_loader_win.cc(196)] Could not find exported function RelaunchChromeBrowserWithNewCommandLineIfNeeded
Nov 24, 2016 23:42:07.49 [WARNING:..\..\..\..\flash\platform\pepper\pep_module.cpp(63)] SANDBOXED
Nov 24, 2016 23:42:20.69 Vector smash protection is enabled.
Nov 24, 2016 23:43:19.70 s invoked via document.write. This may be blocked by the browser if the device has poor network connectivity.
Nov 24, 2016 23:43:19.70 A Parser-blocking, cross-origin script, https://cdn.atlassbx.com/FB/11122200772940/browser_features1469469235.js, is invoked via document.write. This may be blocked by the browser if the device has poor network connectivity.
Nov 24, 2016 23:43:19.70 A Parser-blocking, cross-origin script, https://cdn.atlassbx.com/FB/11122200772940/browser_features1469469235.js, is invoked via document.write. This may be blocked by the browser if the device has poor network connectivity.
Nov 24, 2016 23:43:19.70 A Parser-blocking, cross-origin script, https://cdn.atlassbx.com/FB/11122200773193/atlas_tots1475001046.js, is invoked via document.write. This may be blocked by the browser if the device has poor network connectivity.
Nov 24, 2016 23:43:19.70 A Parser-blocking, cross-origin script, https://cdn.atlassbx.com/FB/11122200772940/browser_features1469469235.js, is invoked via document.write. This may be blocked by the browser if the device has poor network connectivity.
Nov 24, 2016 23:43:19.70 A Parser-blocking, cross-origin script, https://cdn.atlassbx.com/FB/11122200772940/browser_features1469469235.js, is invoked via document.write. This may be blocked by the browser if the device has poor network connectivity.
Nov 24, 2016 23:43:19.70 A Parser-blocking, cross-origin script, https://cdn.atlassbx.com/FB/11122200773193/atlas_tots1475001046.js, is invoked via document.write. This may be blocked by the browser if the device has poor network connectivity.
Nov 24, 2016 23:43:19.70 A Parser-blocking, cross-origin script, https://cdn.atlassbx.com/FB/11122200772940/browser_features1469469235.js, is invoked via document.write. This may be blocked by the browser if the device has poor network connectivity.
Nov 24, 2016 23:43:19.70 A Parser-blocking, cross-origin script, https://cdn.atlassbx.com/FB/11122200772940/browser_features1469469235.js, is invoked via document.write. This may be blocked by the browser if the device has poor network connectivity.
Nov 24, 2016 23:43:19.70 A Parser-blocking, cross-origin script, https://cdn.atlassbx.com/FB/11122200773193/atlas_tots1475001046.js, is invoked via document.write. This may be blocked by the browser if the device has poor network connectivity.
Nov 24, 2016 23:43:19.70 A Parser-blocking, cross-origin script, https://cdn.atlassbx.com/FB/11122200772940/browser_features1469469235.js, is invoked via document.write. This may be blocked by the browser if the device has poor network connectivity.
Nov 24, 2016 23:43:19.70 A Parser-blocking, cross-origin script, https://cdn.atlassbx.com/FB/11122200772940/browser_features1469469235.js, is invoked via document.write. This may be blocked by the browser if the device has poor network connectivity.
Nov 24, 2016 23:43:19.70 A Parser-blocking, cross-origin script, https://cdn.atlassbx.com/FB/11122200773193/atlas_tots1475001046.js, is invoked via document.write. This may be blocked by the browser if the device has poor network connectivity.
Nov 24, 2016 23:43:19.70 A Parser-blocking, cross-origin script, https://cdn.atlassbx.com/FB/11122200772940/browser_features1469469235.js, is invoked via document.write. This may be blocked by the browser if the device has poor network connectivity.
Nov 24, 2016 23:43:19.70 A Parser-blocking, cross-origin script, https://cdn.atlassbx.com/FB/11122200772940/browser_features1469469235.js, is invoked via document.write. This may be blocked by the browser if the device has poor network connectivity.
Nov 24, 2016 23:43:19.70 A Parser-blocking, cross-origin script, https://cdn.atlassbx.com/FB/11122200773193/atlas_tots1475001046.js, is invoked via document.write. This may be blocked by the browser if the device has poor network connectivity.
Nov 24, 2016 23:43:19.70 A Parser-blocking, cross-origin script, https://cdn.atlassbx.com/FB/11122200772940/browser_features1469469235.js, is invoked via document.write. This may be blocked by the browser if the device has poor network connectivity.
Nov 24, 2016 23:43:19.71 A Parser-blocking, cross-origin script, https://cdn.atlassbx.com/FB/11122200772940/browser_features1469469235.js, is invoked via document.write. This may be blocked by the browser if the device has poor network connectivity.
Nov 24, 2016 23:43:42.96 A Parser-blocking, cross-origin script, https://cdn.atlassbx.com/FB/11122200773193/atlas_tots1475001046.js, is invoked via document.write. This may be blocked by the browser if the device has[4128:12376:1124/234342:ERROR:pnacl_host.cc(440)] TranslationFinished: TranslationID 112,-2114226283 not found.
Nov 24, 2016 23:43:42.97 [4128:12376:1124/234342:ERROR:pnacl_host.cc(440)] TranslationFinished: TranslationID 112,1629682877 not found.
Nov 24, 2016 23:43:42.98 [4128:12376:1124/234342:ERROR:pnacl_host.cc(440)] TranslationFinished: TranslationID 112,968077201 not found.
Nov 24, 2016 23:45:08.09 [1124/234508:ERROR:main_dll_loader_win.cc(196)] Could not find exported function RelaunchChromeBrowserWithNewCommandLineIfNeeded
Nov 24, 2016 23:45:08.09 [WARNING:..\..\..\..\flash\platform\pepper\pep_module.cpp(63)] SANDBOXED

Jan 12, 2017 14:01:17.72 NEW SESSION
Jan 12, 2017 14:01:17.72 Vector smash protection is enabled.
Jan 12, 2017 14:01:47.74 [WARNING:..\..\..\..\flash\platform\pepper\pep_module.cpp(63)] SANDBOXED
Jan 12, 2017 14:08:41.76 [9968:11324:0112/140841:ERROR:socket_stream.cc(210)] Closing stream with result -100

Jan 18, 2017 14:50:09.93 NEW SESSION
Jan 18, 2017 14:50:09.93 [14860:9740:0118/145009:ERROR:connection_factory_impl.cc(367)] Failed to connect to MCS endpoint with error -105
Jan 18, 2017 14:50:32.97 [14860:9740:0118/145032:ERROR:connection_factory_impl.cc(367)] Failed to connect to MCS endpoint with error -105
Jan 18, 2017 14:50:42.89 [14860:9652:0118/145042:ERROR:account_tracker.cc(357)] OnGetTokenFailure: Connection failed (-105).
Jan 18, 2017 14:50:42.89 [14860:9652:0118/145042:ERROR:account_tracker.cc(357)] OnGetTokenFailure: Connection failed (-105).
Jan 18, 2017 14:51:20.49 [14860:9740:0118/145120:ERROR:connection_factory_impl.cc(367)] Failed to connect to MCS endpoint with error -105

Jan 24, 2017 07:55:45.13 NEW SESSION
Jan 24, 2017 07:55:45.13 [18220:11620:0124/075545:ERROR:socket_stream.cc(210)] Closing stream with result -100
Jan 24, 2017 08:48:13.65 [18220:11620:0124/084813:ERROR:socket_stream.cc(210)] Closing stream with result -100
Jan 24, 2017 09:25:44.20 [18220:11620:0124/092544:ERROR:connection_factory_impl.cc(367)] Failed to connect to MCS endpoint with error -105
Jan 24, 2017 09:26:19.42 [18220:11620:0124/092619:ERROR:connection_factory_impl.cc(367)] Failed to connect to MCS endpoint with error -105
Jan 24, 2017 09:26:45.96 [18220:11620:0124/092645:ERROR:connection_factory_impl.cc(367)] Failed to connect to MCS endpoint with error -105
Jan 24, 2017 09:27:43.31 [18220:11620:0124/092743:ERROR:connection_factory_impl.cc(367)] Failed to connect to MCS endpoint with error -105
Jan 24, 2017 09:28:39.33 [18220:5360:0124/092839:ERROR:get_updates_processor.cc(242)] PostClientToServerMessage() failed during GetUpdates
Jan 24, 2017 09:29:14.50 [18220:11620:0124/092914:ERROR:connection_factory_impl.cc(367)] Failed to connect to MCS endpoint with error -105
Jan 24, 2017 09:29:54.35 [18220:5360:0124/092954:ERROR:get_updates_processor.cc(242)] PostClientToServerMessage() failed during GetUpdates
Jan 24, 2017 09:32:53.08 [18220:11620:0124/093253:ERROR:connection_factory_impl.cc(367)] Failed to connect to MCS endpoint with error -105
Jan 24, 2017 09:33:01.37 [18220:5360:0124/093301:ERROR:get_updates_processor.cc(242)] PostClientToServerMessage() failed during GetUpdates
Jan 24, 2017 09:38:16.96 [18220:11620:0124/093816:ERROR:connection_factory_impl.cc(367)] Failed to connect to MCS endpoint with error -105
Jan 24, 2017 09:40:48.39 [18220:5360:0124/094048:ERROR:get_updates_processor.cc(242)] PostClientToServerMessage() failed during GetUpdates
Jan 24, 2017 09:48:16.97 [18220:11620:0124/094816:ERROR:connection_factory_impl.cc(367)] Failed to connect to MCS endpoint with error -105
Jan 24, 2017 09:50:48.41 [18220:5360:0124/095048:ERROR:get_updates_processor.cc(242)] PostClientToServerMessage() failed during GetUpdates
Jan 24, 2017 09:58:16.97 [18220:11620:0124/095816:ERROR:connection_factory_impl.cc(367)] Failed to connect to MCS endpoint with error -105
Jan 24, 2017 10:00:48.43 [18220:5360:0124/100048:ERROR:get_updates_processor.cc(242)] PostClientToServerMessage() failed during GetUpdates
Jan 24, 2017 10:08:16.97 [18220:11620:0124/100816:ERROR:connection_factory_impl.cc(367)] Failed to connect to MCS endpoint with error -105
Jan 24, 2017 10:10:48.45 [18220:5360:0124/101048:ERROR:get_updates_processor.cc(242)] PostClientToServerMessage() failed during GetUpdates
Jan 24, 2017 10:14:43.37 [18220:11620:0124/101443:ERROR:connection_factory_impl.cc(367)] Failed to connect to MCS endpoint with error -21
Jan 24, 2017 12:39:43.97 [18220:11620:0124/123943:ERROR:ssl_client_socket_impl.cc(1146)] handshake failed; returned -1, SSL error code 1, net_error -100
Jan 24, 2017 12:39:43.98 [18220:11620:0124/123943:ERROR:ssl_client_socket_impl.cc(1146)] handshake failed; returned -1, SSL error code 1, net_error -100
Jan 24, 2017 12:39:43.99 [18220:11620:0124/123943:ERROR:ssl_client_socket_impl.cc(1146)] handshake failed; returned -1, SSL error code 1, net_error -100
Jan 24, 2017 12:46:27.07 A Parser-blocking, cross-origin script, https://aax.amazon-adsystem.com/e/dtb/bid?src=3033&u=https%3A%2F%2Fjkotests.wordpress.com%2F2013%2F08%2F22%2Fspecify-execution-order-of-cucumber-features%2F&cb=835910, is invoked via document.write. This may be blocked by the browser if the device has poor network connectivity. See https://www.chromestatus.com/feature/5718547946799104 for more details.
Jan 24, 2017 12:46:27.07 A Parser-blocking, cross-origin script, https://aax.amazon-adsystem.com/e/dtb/bid?src=3033&u=https%3A%2F%2Fjkotests.wordpress.com%2F2013%2F08%2F22%2Fspecify-execution-order-of-cucumber-features%2F&cb=835910, is invoked via document.write. This may be blocked by the browser if the device has poor network connectivity. See https://www.chromestatus.com/feature/5718547946799104 for more details.
Jan 24, 2017 12:46:27.07 A Parser-blocking, cross-origin script, http://contextual.media.net/nmedianet.js?cid=8CU89N7Q5, is invoked via document.write. This may be blocked by the browser if the device has poor network connectivity. See https://www.chromestatus.com/feature/5718547946799104 for more details.
Jan 24, 2017 12:46:27.07 A Parser-blocking, cross-origin script, http://contextual.media.net/nmedianet.js?cid=8CU89N7Q5, is invoked via document.write. This may be blocked by the browser if the device has poor network connectivity. See https://www.chromestatus.com/feature/5718547946799104 for more details.
Jan 24, 2017 12:46:27.07 A Parser-blocking, cross-origin script, http://contextual.media.net/fcmdynet.js?&crid=334265109&size=300x250&cc=IN&vif=1&requrl=http%3A%2F%2Fqainsights.com%2Fchallenges-in-test-automation%2F&kwrf=http%3A%2F%2Fwww.google.co.in&vi=1485242183424955645&lw=1&ugd=4&re=1, is invoked via document.write. This may be blocked by the browser if the device has poor network connectivity. See https://www.chromestatus.com/feature/5718547946799104 for more details.
Jan 24, 2017 12:46:27.07 A Parser-blocking, cross-origin script, http://contextual.media.net/fcmdynet.js?&crid=334265109&size=300x250&cc=IN&vif=1&requrl=http%3A%2F%2Fqainsights.com%2Fchallenges-in-test-automation%2F&kwrf=http%3A%2F%2Fwww.google.co.in&vi=1485242183424955645&lw=1&ugd=4&re=1, is invoked via document.write. This may be blocked by the browser if the device has poor network connectivity. See https://www.chromestatus.com/feature/5718547946799104 for more details.
Jan 24, 2017 12:46:27.07 A Parser-blocking, cross-origin script, http://contextual.media.net/nmedianet.js?cid=8CU89N7Q5, is invoked via document.write. This may be blocked by the browser if the device has poor network connectivity. See https://www.chromestatus.com/feature/5718547946799104 for more details.
Jan 24, 2017 12:46:27.07 A Parser-blocking, cross-origin script, http://contextual.media.net/nmedianet.js?cid=8CU89N7Q5, is invoked via document.write. This may be blocked by the browser if the device has poor network connectivity. See https://www.chromestatus.com/feature/5718547946799104 for more details.
Jan 24, 2017 12:46:27.07 A Parser-blocking, cross-origin script, http://contextual.media.net/fcmdynet.js?&crid=873634853&size=728x90&cc=IN&vif=1&requrl=http%3A%2F%2Fqainsights.com%2Fchallenges-in-test-automation%2F&kwrf=http%3A%2F%2Fwww.google.co.in&vi=1485242183513015612&lw=1&ugd=4&re=1, is invoked via document.write. This may be blocked by the browser if the device has poor network connectivity. See https://www.chromestatus.com/feature/5718547946799104 for more details.
Jan 24, 2017 12:46:27.07 A Parser-blocking, cross-origin script, http://contextual.media.net/fcmdynet.js?&crid=873634853&size=728x90&cc=IN&vif=1&requrl=http%3A%2F%2Fqainsights.com%2Fchallenges-in-test-automation%2F&kwrf=http%3A%2F%2Fwww.google.co.in&vi=1485242183513015612&lw=1&ugd=4&re=1, is invoked via document.write. This may be blocked by the browser if the device has poor network connectivity. See https://www.chromestatus.com/feature/5718547946799104 for more details.
Jan 24, 2017 12:46:27.07 A Parser-blocking, cross-origin script, http://contextual.media.net/nmedianet.js?cid=8CU89N7Q5, is invoked via document.write. This may be blocked by the browser if the device has poor network connectivity. See https://www.chromestatus.com/feature/5718547946799104 for more details.
Jan 24, 2017 15:32:17.04 A Parser-blocking, cross-origin script, http://contextual.media.net/nmedianet.js?[18220:5360:0124/153217:ERROR:get_updates_processor.cc(242)] PostClientToServerMessage() failed during GetUpdates

Oct 02, 2017 24:02:41.73 NEW SESSION
Oct 02, 2017 24:02:41.73 [7624:10852:1002/000241.736:ERROR:connection_factory_impl.cc(386)] Failed to connect to MCS endpoint with error -105
Oct 02, 2017 24:03:06.90 [7624:10852:1002/000306.905:ERROR:connection_factory_impl.cc(386)] Failed to connect to MCS endpoint with error -105
Oct 02, 2017 24:04:04.80 [7624:10852:1002/000404.800:ERROR:connection_factory_impl.cc(386)] Failed to connect to MCS endpoint with error -105
Oct 02, 2017 24:04:46.92 [7624:10852:1002/000446.919:ERROR:connection_factory_impl.cc(386)] Failed to connect to MCS endpoint with error -21
Oct 02, 2017 24:04:49.99 [7624:10852:1002/000449.992:ERROR:connection_factory_impl.cc(386)] Failed to connect to MCS endpoint with error -21
Oct 02, 2017 01:41:54.96 [7624:10852:1002/014154.961:ERROR:connection_factory_impl.cc(386)] Failed to connect to MCS endpoint with error -105
Oct 02, 2017 01:42:22.89 [7624:10852:1002/014222.893:ERROR:connection_factory_impl.cc(386)] Failed to connect to MCS endpoint with error -105
Oct 02, 2017 01:43:08.86 [7624:10852:1002/014308.862:ERROR:connection_factory_impl.cc(386)] Failed to connect to MCS endpoint with error -105
Oct 02, 2017 01:44:49.66 [7624:10852:1002/014449.664:ERROR:connection_factory_impl.cc(386)] Failed to connect to MCS endpoint with error -105
Oct 02, 2017 01:47:06.42 [7624:10852:1002/014706.421:ERROR:connection_factory_impl.cc(386)] Failed to connect to MCS endpoint with error -21
Oct 02, 2017 01:47:09.49 [7624:10852:1002/014709.495:ERROR:connection_factory_impl.cc(386)] Failed to connect to MCS endpoint with error -21
Oct 02, 2017 03:10:24.39 [7624:10852:1002/031024.398:ERROR:connection_factory_impl.cc(386)] Failed to connect to MCS endpoint with error -105
Oct 02, 2017 03:10:53.73 [7624:10852:1002/031053.736:ERROR:connection_factory_impl.cc(386)] Failed to connect to MCS endpoint with error -105
Oct 02, 2017 03:11:46.87 [7624:10852:1002/031146.871:ERROR:connection_factory_impl.cc(386)] Failed to connect to MCS endpoint with error -105
Oct 02, 2017 05:22:48.38 [7624:10852:1002/052248.380:ERROR:connection_factory_impl.cc(386)] Failed to connect to MCS endpoint with error -105
Oct 02, 2017 05:23:10.30 [7624:10852:1002/052310.306:ERROR:connection_factory_impl.cc(386)] Failed to connect to MCS endpoint with error -105
Oct 02, 2017 05:24:08.82 [7624:10852:1002/052408.822:ERROR:connection_factory_impl.cc(386)] Failed to connect to MCS endpoint with error -105

Oct 14, 2017 09:38:45.72 NEW SESSION
Oct 14, 2017 09:38:45.72 [4264:13760:1014/093845.720:ERROR:service_manager.cc(156)] Connection InterfaceProviderSpec prevented service: content_plugin from binding interface: memory_instrumentation::mojom::Coordinator exposed by: content_browser
